{"level":"error","message":"Database connection error","stack":"Error: Database connection error\n    at C:\\Users\\soniya_durgude\\Desktop\\POC\\POC_Node\\Demo\\api\\controller.js:24:30\n    at processTicksAndRejections (internal/process/task_queues.js:93:5)"}
{"message":"New Employee added!!","level":"info"}
{"message":"Employee list displayed!!","level":"info"}
{"level":"error","message":"Database connection error","stack":"Error: Database connection error\n    at C:\\Users\\soniya_durgude\\Desktop\\POC\\POC_Node\\Demo\\api\\controller.js:84:30\n    at processTicksAndRejections (internal/process/task_queues.js:93:5)"}
{"message":"Employee found and displayed!!","level":"info"}
{"level":"error","message":"Database connection error","stack":"Error: Database connection error\n    at C:\\Users\\soniya_durgude\\Desktop\\POC\\POC_Node\\Demo\\api\\controller.js:84:30\n    at processTicksAndRejections (internal/process/task_queues.js:93:5)"}
{"level":"error","message":"Database connection error","stack":"Error: Database connection error\n    at C:\\Users\\soniya_durgude\\Desktop\\POC\\POC_Node\\Demo\\api\\controller.js:85:30\n    at processTicksAndRejections (internal/process/task_queues.js:93:5)"}
{"message":"Employee list displayed!!","level":"info"}
{"message":"Employee list displayed!!","level":"info"}
{"level":"error","message":"Database connection error","stack":"Error: Database connection error\n    at C:\\Users\\soniya_durgude\\Desktop\\POC\\POC_Node\\Demo\\api\\controller.js:85:30\n    at processTicksAndRejections (internal/process/task_queues.js:93:5)"}
{"level":"error","message":"Database connection error","stack":"Error: Database connection error\n    at C:\\Users\\soniya_durgude\\Desktop\\POC\\POC_Node\\Demo\\api\\controller.js:106:30\n    at processTicksAndRejections (internal/process/task_queues.js:93:5)"}
{"level":"error","message":"Database connection error","stack":"Error: Database connection error\n    at C:\\Users\\soniya_durgude\\Desktop\\POC\\POC_Node\\Demo\\api\\controller.js:106:30\n    at processTicksAndRejections (internal/process/task_queues.js:93:5)"}
{"level":"error","message":"Database connection error","stack":"Error: Database connection error\n    at C:\\Users\\soniya_durgude\\Desktop\\POC\\POC_Node\\Demo\\api\\controller.js:106:30\n    at processTicksAndRejections (internal/process/task_queues.js:93:5)"}
{"level":"error","message":"Database connection error","stack":"Error: Database connection error\n    at C:\\Users\\soniya_durgude\\Desktop\\POC\\POC_Node\\Demo\\api\\controller.js:85:30\n    at processTicksAndRejections (internal/process/task_queues.js:93:5)"}
{"message":"Employee found and displayed!!","level":"info"}
{"level":"error","message":"Database connection error","stack":"Error: Database connection error\n    at C:\\Users\\soniya_durgude\\Desktop\\POC\\POC_Node\\Demo\\api\\controller.js:96:26\n    at processTicksAndRejections (internal/process/task_queues.js:93:5)"}
{"message":"Employee found and displayed!!","level":"info"}
{"level":"error","message":"Employee doesn't exist!!!","stack":"Error: Employee doesn't exist!!!\n    at C:\\Users\\soniya_durgude\\Desktop\\POC\\POC_Node\\Demo\\api\\controller.js:75:34\n    at processTicksAndRejections (internal/process/task_queues.js:93:5)"}
{"level":"error","message":"Database connection error","stack":"Error: Database connection error\n    at C:\\Users\\soniya_durgude\\Desktop\\POC\\POC_Node\\Demo\\api\\controller.js:97:26\n    at processTicksAndRejections (internal/process/task_queues.js:93:5)"}
{"level":"error","message":"Database connection error","stack":"Error: Database connection error\n    at Query._callback (C:\\Users\\soniya_durgude\\Desktop\\POC\\POC_Node\\Demo\\api\\service.js:42:28)\n    at Query.Sequence.end (C:\\Users\\soniya_durgude\\Desktop\\POC\\POC_Node\\Demo\\node_modules\\mysql\\lib\\protocol\\sequences\\Sequence.js:83:24)\n    at C:\\Users\\soniya_durgude\\Desktop\\POC\\POC_Node\\Demo\\node_modules\\mysql\\lib\\Pool.js:205:13\n    at Handshake.onConnect (C:\\Users\\soniya_durgude\\Desktop\\POC\\POC_Node\\Demo\\node_modules\\mysql\\lib\\Pool.js:58:9)\n    at Handshake.<anonymous> (C:\\Users\\soniya_durgude\\Desktop\\POC\\POC_Node\\Demo\\node_modules\\mysql\\lib\\Connection.js:526:10)\n    at Handshake._callback (C:\\Users\\soniya_durgude\\Desktop\\POC\\POC_Node\\Demo\\node_modules\\mysql\\lib\\Connection.js:488:16)\n    at Handshake.Sequence.end (C:\\Users\\soniya_durgude\\Desktop\\POC\\POC_Node\\Demo\\node_modules\\mysql\\lib\\protocol\\sequences\\Sequence.js:83:24)\n    at Handshake.ErrorPacket (C:\\Users\\soniya_durgude\\Desktop\\POC\\POC_Node\\Demo\\node_modules\\mysql\\lib\\protocol\\sequences\\Handshake.js:125:8)\n    at Protocol._parsePacket (C:\\Users\\soniya_durgude\\Desktop\\POC\\POC_Node\\Demo\\node_modules\\mysql\\lib\\protocol\\Protocol.js:291:23)\n    at Parser._parsePacket (C:\\Users\\soniya_durgude\\Desktop\\POC\\POC_Node\\Demo\\node_modules\\mysql\\lib\\protocol\\Parser.js:433:10)"}
{"message":"Employee found and displayed!!","level":"info"}
{"level":"error","message":"Employee doesn't exist!!","stack":"Error: Employee doesn't exist!!\n    at C:\\Users\\soniya_durgude\\Desktop\\POC\\POC_Node\\Demo\\api\\service.js:55:24\n    at new Promise (<anonymous>)\n    at checkResultLength (C:\\Users\\soniya_durgude\\Desktop\\POC\\POC_Node\\Demo\\api\\service.js:50:16)\n    at C:\\Users\\soniya_durgude\\Desktop\\POC\\POC_Node\\Demo\\api\\controller.js:62:24\n    at processTicksAndRejections (internal/process/task_queues.js:93:5)"}
{"level":"error","message":"Employee doesn't exist!!","stack":"Error: Employee doesn't exist!!\n    at C:\\Users\\soniya_durgude\\Desktop\\POC\\POC_Node\\Demo\\api\\controller.js:67:32\n    at new Promise (<anonymous>)\n    at C:\\Users\\soniya_durgude\\Desktop\\POC\\POC_Node\\Demo\\api\\controller.js:62:24\n    at processTicksAndRejections (internal/process/task_queues.js:93:5)"}
