{"level":"error","message":"Database connection error","stack":"Error: Database connection error\n    at C:\\Users\\soniya_durgude\\Desktop\\POC\\POC_Node\\Demo\\api\\controller.js:24:30\n    at processTicksAndRejections (internal/process/task_queues.js:93:5)"}
{"message":"New Employee added!!","level":"info"}
{"message":"Employee list displayed!!","level":"info"}
{"level":"error","message":"Database connection error","stack":"Error: Database connection error\n    at C:\\Users\\soniya_durgude\\Desktop\\POC\\POC_Node\\Demo\\api\\controller.js:84:30\n    at processTicksAndRejections (internal/process/task_queues.js:93:5)"}
{"message":"Employee found and displayed!!","level":"info"}
{"level":"error","message":"Database connection error","stack":"Error: Database connection error\n    at C:\\Users\\soniya_durgude\\Desktop\\POC\\POC_Node\\Demo\\api\\controller.js:84:30\n    at processTicksAndRejections (internal/process/task_queues.js:93:5)"}
{"level":"error","message":"Database connection error","stack":"Error: Database connection error\n    at C:\\Users\\soniya_durgude\\Desktop\\POC\\POC_Node\\Demo\\api\\controller.js:85:30\n    at processTicksAndRejections (internal/process/task_queues.js:93:5)"}
{"message":"Employee list displayed!!","level":"info"}
{"message":"Employee list displayed!!","level":"info"}
{"level":"error","message":"Database connection error","stack":"Error: Database connection error\n    at C:\\Users\\soniya_durgude\\Desktop\\POC\\POC_Node\\Demo\\api\\controller.js:85:30\n    at processTicksAndRejections (internal/process/task_queues.js:93:5)"}
{"level":"error","message":"Database connection error","stack":"Error: Database connection error\n    at C:\\Users\\soniya_durgude\\Desktop\\POC\\POC_Node\\Demo\\api\\controller.js:106:30\n    at processTicksAndRejections (internal/process/task_queues.js:93:5)"}
{"level":"error","message":"Database connection error","stack":"Error: Database connection error\n    at C:\\Users\\soniya_durgude\\Desktop\\POC\\POC_Node\\Demo\\api\\controller.js:106:30\n    at processTicksAndRejections (internal/process/task_queues.js:93:5)"}
{"level":"error","message":"Database connection error","stack":"Error: Database connection error\n    at C:\\Users\\soniya_durgude\\Desktop\\POC\\POC_Node\\Demo\\api\\controller.js:106:30\n    at processTicksAndRejections (internal/process/task_queues.js:93:5)"}
{"level":"error","message":"Database connection error","stack":"Error: Database connection error\n    at C:\\Users\\soniya_durgude\\Desktop\\POC\\POC_Node\\Demo\\api\\controller.js:85:30\n    at processTicksAndRejections (internal/process/task_queues.js:93:5)"}
{"message":"Employee found and displayed!!","level":"info"}
{"level":"error","message":"Database connection error","stack":"Error: Database connection error\n    at C:\\Users\\soniya_durgude\\Desktop\\POC\\POC_Node\\Demo\\api\\controller.js:96:26\n    at processTicksAndRejections (internal/process/task_queues.js:93:5)"}
{"message":"Employee found and displayed!!","level":"info"}
{"level":"error","message":"Employee doesn't exist!!!","stack":"Error: Employee doesn't exist!!!\n    at C:\\Users\\soniya_durgude\\Desktop\\POC\\POC_Node\\Demo\\api\\controller.js:75:34\n    at processTicksAndRejections (internal/process/task_queues.js:93:5)"}
{"level":"error","message":"Database connection error","stack":"Error: Database connection error\n    at C:\\Users\\soniya_durgude\\Desktop\\POC\\POC_Node\\Demo\\api\\controller.js:97:26\n    at processTicksAndRejections (internal/process/task_queues.js:93:5)"}
{"level":"error","message":"Database connection error","stack":"Error: Database connection error\n    at Query._callback (C:\\Users\\soniya_durgude\\Desktop\\POC\\POC_Node\\Demo\\api\\service.js:42:28)\n    at Query.Sequence.end (C:\\Users\\soniya_durgude\\Desktop\\POC\\POC_Node\\Demo\\node_modules\\mysql\\lib\\protocol\\sequences\\Sequence.js:83:24)\n    at C:\\Users\\soniya_durgude\\Desktop\\POC\\POC_Node\\Demo\\node_modules\\mysql\\lib\\Pool.js:205:13\n    at Handshake.onConnect (C:\\Users\\soniya_durgude\\Desktop\\POC\\POC_Node\\Demo\\node_modules\\mysql\\lib\\Pool.js:58:9)\n    at Handshake.<anonymous> (C:\\Users\\soniya_durgude\\Desktop\\POC\\POC_Node\\Demo\\node_modules\\mysql\\lib\\Connection.js:526:10)\n    at Handshake._callback (C:\\Users\\soniya_durgude\\Desktop\\POC\\POC_Node\\Demo\\node_modules\\mysql\\lib\\Connection.js:488:16)\n    at Handshake.Sequence.end (C:\\Users\\soniya_durgude\\Desktop\\POC\\POC_Node\\Demo\\node_modules\\mysql\\lib\\protocol\\sequences\\Sequence.js:83:24)\n    at Handshake.ErrorPacket (C:\\Users\\soniya_durgude\\Desktop\\POC\\POC_Node\\Demo\\node_modules\\mysql\\lib\\protocol\\sequences\\Handshake.js:125:8)\n    at Protocol._parsePacket (C:\\Users\\soniya_durgude\\Desktop\\POC\\POC_Node\\Demo\\node_modules\\mysql\\lib\\protocol\\Protocol.js:291:23)\n    at Parser._parsePacket (C:\\Users\\soniya_durgude\\Desktop\\POC\\POC_Node\\Demo\\node_modules\\mysql\\lib\\protocol\\Parser.js:433:10)"}
{"message":"Employee found and displayed!!","level":"info"}
{"level":"error","message":"Employee doesn't exist!!","stack":"Error: Employee doesn't exist!!\n    at C:\\Users\\soniya_durgude\\Desktop\\POC\\POC_Node\\Demo\\api\\service.js:55:24\n    at new Promise (<anonymous>)\n    at checkResultLength (C:\\Users\\soniya_durgude\\Desktop\\POC\\POC_Node\\Demo\\api\\service.js:50:16)\n    at C:\\Users\\soniya_durgude\\Desktop\\POC\\POC_Node\\Demo\\api\\controller.js:62:24\n    at processTicksAndRejections (internal/process/task_queues.js:93:5)"}
{"level":"error","message":"Employee doesn't exist!!","stack":"Error: Employee doesn't exist!!\n    at C:\\Users\\soniya_durgude\\Desktop\\POC\\POC_Node\\Demo\\api\\controller.js:67:32\n    at new Promise (<anonymous>)\n    at C:\\Users\\soniya_durgude\\Desktop\\POC\\POC_Node\\Demo\\api\\controller.js:62:24\n    at processTicksAndRejections (internal/process/task_queues.js:93:5)"}
${ info.message.toUpperCase }
function toUpperCase() { [native code] }
EMPLOYEE LIST DISPLAYED!!
EMPLOYEE LIST DISPLAYED!!,INFO }
[object Object],[object Object] }
{"message":"Employee list displayed!!","level":"info"}
{"message":"Employee list displayed!!","level":"info"}
{"message":"Employee list displayed!!","level":"info"}
{"message":"Employee list displayed!!","level":"info"}
{"message":"Employee list displayed!!","level":"info"}
{"message":"Employee list displayed!!","level":"info"}
{"message":"Employee list displayed!!","level":"info"}
{"message":"Employee list displayed!!","level":"info"}
{"message":"Employee list displayed!!","level":"info"}
{"message":"Employee list displayed!!","level":"info"}
{"message":"Employee list displayed!!","level":"info"}
{"message":"Employee list displayed!!","level":"info"}
{"message":"Employee list displayed!!","level":"info"}
{"message":"Employee list displayed!!","level":"info"}
{"message":"Employee list displayed!!","level":"info"}
{"message":"Employee list displayed!!","level":"info"}
{"message":"Employee list displayed!!","level":"info"}
{"message":"Employee list displayed!!","level":"info"}
{"message":"Employee list displayed!!","level":"info"}
{"message":"Employee list displayed!!","level":"info"}
{"message":"Employee list displayed!!","level":"info"}
{"message":"Employee list displayed!!","level":"info"}
{"message":"Employee list displayed!!","level":"info"}
{"message":"Employee list displayed!!","level":"info"}
{"message":"Employee list displayed!!","level":"info"}
{"message":"Employee list displayed!!","level":"info"}
{"message":"Employee list displayed!!","level":"info"}
{"message":"Employee list displayed!!","level":"info"}
{"message":"Employee list displayed!!","level":"info"}
{"message":"Employee list displayed!!","level":"info"}
{"message":"Employee list displayed!!","level":"info"}
{"message":"Employee list displayed!!","level":"info"}
{"message":"Employee list displayed!!","level":"info"}
{"message":"Employee list displayed!!","level":"info"}
{"message":"Employee list displayed!!","level":"info"}
{"message":"Employee list displayed!!","level":"info"}
{"message":"Employee list displayed!!","level":"info"}
{"message":"Employee list displayed!!","level":"info"}
{"message":"Employee list displayed!!","level":"info"}
{"message":"Employee list displayed!!","level":"info"}
{"message":"Employee list displayed!!","level":"info"}
{"message":"Employee list displayed!!","level":"info"}
{"message":"Employee list displayed!!","level":"info"}
{"message":"Employee list displayed!!","level":"info"}
{"message":"Employee list displayed!!","level":"info"}
{"message":"Employee found and displayed!!","level":"info"}
{"message":"Employee found and displayed!!","level":"info"}
{"level":"error","message":"Employee doesn't exist!!","stack":"Error: Employee doesn't exist!!\n    at C:\\Users\\soniya_durgude\\Desktop\\POC\\POC_Node\\Demo\\api\\service.js:55:24\n    at new Promise (<anonymous>)\n    at checkResultLength (C:\\Users\\soniya_durgude\\Desktop\\POC\\POC_Node\\Demo\\api\\service.js:50:16)\n    at C:\\Users\\soniya_durgude\\Desktop\\POC\\POC_Node\\Demo\\api\\controller.js:59:24\n    at processTicksAndRejections (internal/process/task_queues.js:93:5)"}
{"level":"error","message":"Employee doesn't exist!!","stack":"Error: Employee doesn't exist!!\n    at C:\\Users\\soniya_durgude\\Desktop\\POC\\POC_Node\\Demo\\api\\service.js:55:24\n    at new Promise (<anonymous>)\n    at checkResultLength (C:\\Users\\soniya_durgude\\Desktop\\POC\\POC_Node\\Demo\\api\\service.js:50:16)\n    at C:\\Users\\soniya_durgude\\Desktop\\POC\\POC_Node\\Demo\\api\\controller.js:59:24\n    at processTicksAndRejections (internal/process/task_queues.js:93:5)"}
{"level":"error","message":"Employee doesn't exist!!","stack":"Error: Employee doesn't exist!!\n    at C:\\Users\\soniya_durgude\\Desktop\\POC\\POC_Node\\Demo\\api\\service.js:55:24\n    at new Promise (<anonymous>)\n    at checkResultLength (C:\\Users\\soniya_durgude\\Desktop\\POC\\POC_Node\\Demo\\api\\service.js:50:16)\n    at C:\\Users\\soniya_durgude\\Desktop\\POC\\POC_Node\\Demo\\api\\controller.js:59:24\n    at processTicksAndRejections (internal/process/task_queues.js:93:5)"}
{"message":"Employee list displayed!!","level":"info"}
{"level":"error","message":"Employee doesn't exist!!","stack":"Error: Employee doesn't exist!!\n    at C:\\Users\\soniya_durgude\\Desktop\\POC\\POC_Node\\Demo\\api\\service.js:55:24\n    at new Promise (<anonymous>)\n    at checkResultLength (C:\\Users\\soniya_durgude\\Desktop\\POC\\POC_Node\\Demo\\api\\service.js:50:16)\n    at C:\\Users\\soniya_durgude\\Desktop\\POC\\POC_Node\\Demo\\api\\controller.js:59:24\n    at processTicksAndRejections (internal/process/task_queues.js:93:5)"}
{"level":"error","message":"Employee doesn't exist!!","stack":"Error: Employee doesn't exist!!\n    at C:\\Users\\soniya_durgude\\Desktop\\POC\\POC_Node\\Demo\\api\\service.js:55:24\n    at new Promise (<anonymous>)\n    at checkResultLength (C:\\Users\\soniya_durgude\\Desktop\\POC\\POC_Node\\Demo\\api\\service.js:50:16)\n    at C:\\Users\\soniya_durgude\\Desktop\\POC\\POC_Node\\Demo\\api\\controller.js:59:24\n    at runMicrotasks (<anonymous>)\n    at processTicksAndRejections (internal/process/task_queues.js:93:5)"}
{"message":"Employee list displayed!!","level":"info"}
{"message":"Employee list displayed!!","level":"info"}
{"level":"error","message":"Employee doesn't exist!!","stack":"Error: Employee doesn't exist!!\n    at C:\\Users\\soniya_durgude\\Desktop\\POC\\POC_Node\\Demo\\api\\service.js:55:24\n    at new Promise (<anonymous>)\n    at checkResultLength (C:\\Users\\soniya_durgude\\Desktop\\POC\\POC_Node\\Demo\\api\\service.js:50:16)\n    at C:\\Users\\soniya_durgude\\Desktop\\POC\\POC_Node\\Demo\\api\\controller.js:59:24\n    at runMicrotasks (<anonymous>)\n    at processTicksAndRejections (internal/process/task_queues.js:93:5)"}
{"level":"error","message":"Employee doesn't exist!!","stack":"Error: Employee doesn't exist!!\n    at C:\\Users\\soniya_durgude\\Desktop\\POC\\POC_Node\\Demo\\api\\service.js:55:24\n    at new Promise (<anonymous>)\n    at checkResultLength (C:\\Users\\soniya_durgude\\Desktop\\POC\\POC_Node\\Demo\\api\\service.js:50:16)\n    at C:\\Users\\soniya_durgude\\Desktop\\POC\\POC_Node\\Demo\\api\\controller.js:59:24\n    at runMicrotasks (<anonymous>)\n    at processTicksAndRejections (internal/process/task_queues.js:93:5)"}
{"level":"error","message":"Employee doesn't exist!!","stack":"Error: Employee doesn't exist!!\n    at C:\\Users\\soniya_durgude\\Desktop\\POC\\POC_Node\\Demo\\api\\service.js:55:24\n    at new Promise (<anonymous>)\n    at checkResultLength (C:\\Users\\soniya_durgude\\Desktop\\POC\\POC_Node\\Demo\\api\\service.js:50:16)\n    at C:\\Users\\soniya_durgude\\Desktop\\POC\\POC_Node\\Demo\\api\\controller.js:59:24\n    at runMicrotasks (<anonymous>)\n    at processTicksAndRejections (internal/process/task_queues.js:93:5)"}
{"level":"error","message":"Employee doesn't exist!!","stack":"Error: Employee doesn't exist!!\n    at C:\\Users\\soniya_durgude\\Desktop\\POC\\POC_Node\\Demo\\api\\service.js:55:24\n    at new Promise (<anonymous>)\n    at checkResultLength (C:\\Users\\soniya_durgude\\Desktop\\POC\\POC_Node\\Demo\\api\\service.js:50:16)\n    at C:\\Users\\soniya_durgude\\Desktop\\POC\\POC_Node\\Demo\\api\\controller.js:59:24\n    at runMicrotasks (<anonymous>)\n    at processTicksAndRejections (internal/process/task_queues.js:93:5)"}
{"level":"error","message":"Employee doesn't exist!!","stack":"Error: Employee doesn't exist!!\n    at C:\\Users\\soniya_durgude\\Desktop\\POC\\POC_Node\\Demo\\api\\service.js:55:24\n    at new Promise (<anonymous>)\n    at checkResultLength (C:\\Users\\soniya_durgude\\Desktop\\POC\\POC_Node\\Demo\\api\\service.js:50:16)\n    at C:\\Users\\soniya_durgude\\Desktop\\POC\\POC_Node\\Demo\\api\\controller.js:59:24\n    at runMicrotasks (<anonymous>)\n    at processTicksAndRejections (internal/process/task_queues.js:93:5)"}
{"level":"error","message":"Employee doesn't exist!!","stack":"Error: Employee doesn't exist!!\n    at C:\\Users\\soniya_durgude\\Desktop\\POC\\POC_Node\\Demo\\api\\service.js:55:24\n    at new Promise (<anonymous>)\n    at checkResultLength (C:\\Users\\soniya_durgude\\Desktop\\POC\\POC_Node\\Demo\\api\\service.js:50:16)\n    at C:\\Users\\soniya_durgude\\Desktop\\POC\\POC_Node\\Demo\\api\\controller.js:59:24\n    at runMicrotasks (<anonymous>)\n    at processTicksAndRejections (internal/process/task_queues.js:93:5)"}
{"level":"error","message":"Employee doesn't exist!!","stack":"Error: Employee doesn't exist!!\n    at C:\\Users\\soniya_durgude\\Desktop\\POC\\POC_Node\\Demo\\api\\service.js:55:24\n    at new Promise (<anonymous>)\n    at checkResultLength (C:\\Users\\soniya_durgude\\Desktop\\POC\\POC_Node\\Demo\\api\\service.js:50:16)\n    at C:\\Users\\soniya_durgude\\Desktop\\POC\\POC_Node\\Demo\\api\\controller.js:59:24\n    at runMicrotasks (<anonymous>)\n    at processTicksAndRejections (internal/process/task_queues.js:93:5)"}
{"level":"error","message":"Employee doesn't exist!!","stack":"Error: Employee doesn't exist!!\n    at C:\\Users\\soniya_durgude\\Desktop\\POC\\POC_Node\\Demo\\api\\service.js:55:24\n    at new Promise (<anonymous>)\n    at checkResultLength (C:\\Users\\soniya_durgude\\Desktop\\POC\\POC_Node\\Demo\\api\\service.js:50:16)\n    at C:\\Users\\soniya_durgude\\Desktop\\POC\\POC_Node\\Demo\\api\\controller.js:59:24\n    at runMicrotasks (<anonymous>)\n    at processTicksAndRejections (internal/process/task_queues.js:93:5)"}
{"level":"error","message":"Employee doesn't exist!!","stack":"Error: Employee doesn't exist!!\n    at C:\\Users\\soniya_durgude\\Desktop\\POC\\POC_Node\\Demo\\api\\service.js:55:24\n    at new Promise (<anonymous>)\n    at checkResultLength (C:\\Users\\soniya_durgude\\Desktop\\POC\\POC_Node\\Demo\\api\\service.js:50:16)\n    at C:\\Users\\soniya_durgude\\Desktop\\POC\\POC_Node\\Demo\\api\\controller.js:59:24\n    at runMicrotasks (<anonymous>)\n    at processTicksAndRejections (internal/process/task_queues.js:93:5)"}
{"level":"error","message":"Employee doesn't exist!!","stack":"Error: Employee doesn't exist!!\n    at C:\\Users\\soniya_durgude\\Desktop\\POC\\POC_Node\\Demo\\api\\service.js:55:24\n    at new Promise (<anonymous>)\n    at checkResultLength (C:\\Users\\soniya_durgude\\Desktop\\POC\\POC_Node\\Demo\\api\\service.js:50:16)\n    at C:\\Users\\soniya_durgude\\Desktop\\POC\\POC_Node\\Demo\\api\\controller.js:59:24\n    at runMicrotasks (<anonymous>)\n    at processTicksAndRejections (internal/process/task_queues.js:93:5)"}
{"message":"Employee found and displayed!!","level":"info"}
{"message":"Employee found and displayed!!","level":"info"}
{"message":"Employee found and displayed!!","level":"info"}
{"message":"Employee found and displayed!!","level":"info"}
{"message":"Employee found and displayed!!","level":"info"}
{"message":"Employee found and displayed!!","level":"info"}
{"message":"Employee found and displayed!!","level":"info"}
{"message":"Employee found and displayed!!","level":"info"}
{"message":"Employee found and displayed!!","level":"info"}
{"message":"Employee found and displayed!!","level":"info"}
{"message":"Employee found and displayed!!","level":"info"}
{"message":"Employee list displayed!!","level":"info"}
{"message":"Employee found and displayed!!","level":"info"}
{"message":"Employee list displayed!!","level":"info"}
{"level":"error","message":"Employee doesn't exist!!","stack":"Error: Employee doesn't exist!!\n    at C:\\Users\\soniya_durgude\\Desktop\\POC\\POC_Node\\Demo\\api\\service.js:55:24\n    at new Promise (<anonymous>)\n    at checkResultLength (C:\\Users\\soniya_durgude\\Desktop\\POC\\POC_Node\\Demo\\api\\service.js:50:16)\n    at C:\\Users\\soniya_durgude\\Desktop\\POC\\POC_Node\\Demo\\api\\controller.js:59:24\n    at runMicrotasks (<anonymous>)\n    at processTicksAndRejections (internal/process/task_queues.js:93:5)"}
{"level":"error","message":"Employee doesn't exist!!","stack":"Error: Employee doesn't exist!!\n    at C:\\Users\\soniya_durgude\\Desktop\\POC\\POC_Node\\Demo\\api\\service.js:55:24\n    at new Promise (<anonymous>)\n    at checkResultLength (C:\\Users\\soniya_durgude\\Desktop\\POC\\POC_Node\\Demo\\api\\service.js:50:16)\n    at C:\\Users\\soniya_durgude\\Desktop\\POC\\POC_Node\\Demo\\api\\controller.js:59:24\n    at runMicrotasks (<anonymous>)\n    at processTicksAndRejections (internal/process/task_queues.js:93:5)"}
{"message":"New Employee added!!","level":"info"}
{"message":"Employee list displayed!!","level":"info"}
{"level":"error","message":"Employee doesn't exist!!","stack":"Error: Employee doesn't exist!!\n    at C:\\Users\\soniya_durgude\\Desktop\\POC\\POC_Node\\Demo\\api\\service.js:55:24\n    at new Promise (<anonymous>)\n    at checkResultLength (C:\\Users\\soniya_durgude\\Desktop\\POC\\POC_Node\\Demo\\api\\service.js:50:16)\n    at C:\\Users\\soniya_durgude\\Desktop\\POC\\POC_Node\\Demo\\api\\controller.js:59:24\n    at processTicksAndRejections (internal/process/task_queues.js:93:5)"}
{"message":"Employee list displayed!!","level":"info"}
{"message":"Employee list displayed!!","level":"info"}
{"message":"Employee list displayed!!","level":"info"}
{"message":"Employee list displayed!!","level":"info"}
{"message":"Employee list displayed!!","level":"info"}
{"message":"Employee list displayed!!","level":"info"}
{"message":"Employee list displayed!!","level":"info"}
{"message":"Employee list displayed!!","level":"info"}
{"message":"Employee list displayed!!","level":"info"}
{"message":"Employee list displayed!!","level":"info"}
{"message":"Employee list displayed!!","level":"info"}
{"message":"Employee list displayed!!","level":"info"}
{"message":"Employee list displayed!!","level":"info"}
{"message":"Employee list displayed!!","level":"info"}
{"level":"error","message":"Employee doesn't exist!!","stack":"Error: Employee doesn't exist!!\n    at C:\\Users\\soniya_durgude\\Desktop\\POC\\POC_Node\\Demo\\api\\service.js:55:24\n    at new Promise (<anonymous>)\n    at checkResultLength (C:\\Users\\soniya_durgude\\Desktop\\POC\\POC_Node\\Demo\\api\\service.js:50:16)\n    at C:\\Users\\soniya_durgude\\Desktop\\POC\\POC_Node\\Demo\\api\\controller.js:59:24\n    at processTicksAndRejections (internal/process/task_queues.js:93:5)"}
{"message":"Employee list displayed!!","level":"info"}
{"message":"Employee list displayed!!","level":"info"}
{"level":"error","message":"Employee doesn't exist!!","stack":"Error: Employee doesn't exist!!\n    at C:\\Users\\soniya_durgude\\Desktop\\POC\\POC_Node\\Demo\\api\\service.js:55:24\n    at new Promise (<anonymous>)\n    at checkResultLength (C:\\Users\\soniya_durgude\\Desktop\\POC\\POC_Node\\Demo\\api\\service.js:50:16)\n    at C:\\Users\\soniya_durgude\\Desktop\\POC\\POC_Node\\Demo\\api\\controller.js:59:24\n    at processTicksAndRejections (internal/process/task_queues.js:93:5)"}
{"message":"Employee list displayed!!","level":"info"}
{"message":"Employee list displayed!!","level":"info"}
{"message":"Employee list displayed!!","level":"info"}
{"message":"Employee list displayed!!","level":"info"}
{"message":"Employee list displayed!!","level":"info"}
{"message":"Employee list displayed!!","level":"info"}
{"message":"Employee list displayed!!","level":"info"}
{"message":"Employee list displayed!!","level":"info"}
{"message":"Employee list displayed!!","level":"info"}
{"message":"Employee list displayed!!","level":"info"}
{"message":"Employee list displayed!!","level":"info"}
{"message":"Employee list displayed!!","level":"info"}
{"message":"Employee list displayed!!","level":"info"}
{"message":"Employee list displayed!!","level":"info"}
{"message":"Employee list displayed!!","level":"info"}
{"message":"Employee list displayed!!","level":"info"}
{"message":"Employee list displayed!!","level":"info"}
{"message":"Employee list displayed!!","level":"info"}
{"message":"Employee list displayed!!","level":"info"}
{"message":"Employee list displayed!!","level":"info"}
{"message":"Employee list displayed!!","level":"info"}
{"message":"Employee list displayed!!","level":"info"}
{"message":"Employee list displayed!!","level":"info"}
{"message":"Employee list displayed!!","level":"info"}
{"level":"error","message":"Employee doesn't exist!!","stack":"Error: Employee doesn't exist!!\n    at C:\\Users\\soniya_durgude\\Desktop\\POC\\POC_Node\\Demo\\api\\service.js:55:24\n    at new Promise (<anonymous>)\n    at checkResultLength (C:\\Users\\soniya_durgude\\Desktop\\POC\\POC_Node\\Demo\\api\\service.js:50:16)\n    at C:\\Users\\soniya_durgude\\Desktop\\POC\\POC_Node\\Demo\\api\\controller.js:59:24\n    at runMicrotasks (<anonymous>)\n    at processTicksAndRejections (internal/process/task_queues.js:93:5)"}
{"message":"Employee list displayed!!","level":"info"}
{"message":"Employee found and displayed!!","level":"info"}
{"message":"Employee list displayed!!","level":"info"}
{"message":"Employee found and displayed!!","level":"info"}
{"message":"Employee found and displayed!!","level":"info"}
{"message":"Employee list displayed!!","level":"info"}
{"message":"Employee found and displayed!!","level":"info"}
{"message":"Employee list displayed!!","level":"info"}
{"message":"Employee list displayed!!","level":"info"}
{"message":"New Employee added!!","level":"info"}
{"message":"New Employee added!!","level":"info"}
{"message":"Employee list displayed!!","level":"info"}
{"message":"Employee found and displayed!!","level":"info"}
{"message":"New Employee added!!","level":"info"}
{"message":"New Employee added!!","level":"info"}
{"message":"Employee list displayed!!","level":"info"}
{"message":"New Employee added!!","level":"info"}
{"message":"New Employee added!!","level":"info"}
{"message":"Employee list displayed!!","level":"info"}
{"message":"Employee found and displayed!!","level":"info"}
{"message":"Employee updated!!","level":"info"}
{"message":"Employee updated!!","level":"info"}
{"message":"Employee updated!!","level":"info"}
{"level":"error","message":"Employee doesn't exists cannot update!!","stack":"Error: Employee doesn't exists cannot update!!\n    at C:\\Users\\soniya_durgude\\Desktop\\POC\\POC_Node\\Demo\\api\\service.js:83:24\n    at new Promise (<anonymous>)\n    at checkEmpExist (C:\\Users\\soniya_durgude\\Desktop\\POC\\POC_Node\\Demo\\api\\service.js:81:16)\n    at C:\\Users\\soniya_durgude\\Desktop\\POC\\POC_Node\\Demo\\api\\controller.js:99:24\n    at processTicksAndRejections (internal/process/task_queues.js:93:5)"}
{"message":"Employee updated!!","level":"info"}
{"level":"error","message":"Employee doesn't exists cannot update or delete!!","stack":"Error: Employee doesn't exists cannot update or delete!!\n    at C:\\Users\\soniya_durgude\\Desktop\\POC\\POC_Node\\Demo\\api\\service.js:94:24\n    at new Promise (<anonymous>)\n    at checkEmpExist (C:\\Users\\soniya_durgude\\Desktop\\POC\\POC_Node\\Demo\\api\\service.js:92:16)\n    at C:\\Users\\soniya_durgude\\Desktop\\POC\\POC_Node\\Demo\\api\\controller.js:139:24\n    at processTicksAndRejections (internal/process/task_queues.js:93:5)"}
{"message":"Employee deleted!!","level":"info"}
{"message":"Employee list displayed!!","level":"info"}
{"level":"error","message":"Employee doesn't exist!!","stack":"Error: Employee doesn't exist!!\n    at C:\\Users\\soniya_durgude\\Desktop\\POC\\POC_Node\\Demo\\api\\service.js:65:24\n    at new Promise (<anonymous>)\n    at checkResultLength (C:\\Users\\soniya_durgude\\Desktop\\POC\\POC_Node\\Demo\\api\\service.js:60:16)\n    at C:\\Users\\soniya_durgude\\Desktop\\POC\\POC_Node\\Demo\\api\\controller.js:65:24\n    at processTicksAndRejections (internal/process/task_queues.js:93:5)"}
{"message":"Employee found and displayed!!","level":"info"}
{"message":"Employee list displayed!!","level":"info"}
{"message":"Employee found and displayed!!","level":"info"}
{"message":"New Employee added!!","level":"info"}
{"message":"New Employee added!!","level":"info"}
{"message":"Employee list displayed!!","level":"info"}
{"message":"New Employee added!!","level":"info"}
{"message":"Employee list displayed!!","level":"info"}
{"message":"Employee list displayed!!","level":"info"}
{"message":"Employee list displayed!!","level":"info"}
{"message":"Employee list displayed!!","level":"info"}
{"message":"Employee list displayed!!","level":"info"}
{"message":"Employee list displayed!!","level":"info"}
{"message":"Employee list displayed!!","level":"info"}
{"message":"Employee list displayed!!","level":"info"}
{"message":"Employee list displayed!!","level":"info"}
{"message":"Employee list displayed!!","level":"info"}
{"message":"Employee list displayed!!","level":"info"}
{"message":"Employee list displayed!!","level":"info"}
{"message":"New Employee added!!","level":"info"}
{"message":"Employee list displayed!!","level":"info"}
{"message":"Employee list displayed!!","level":"info"}
{"message":"Employee list displayed!!","level":"info"}
{"message":"Employee list displayed!!","level":"info"}
{"message":"Employee list displayed!!","level":"info"}
{"message":"Employee list displayed!!","level":"info"}
{"message":"Employee list displayed!!","level":"info"}
{"message":"Employee list displayed!!","level":"info"}
{"message":"Employee list displayed!!","level":"info"}
{"message":"Employee list displayed!!","level":"info"}
{"message":"Employee list displayed!!","level":"info"}
{"message":"Employee list displayed!!","level":"info"}
{"message":"Employee list displayed!!","level":"info"}
{"message":"Employee list displayed!!","level":"info"}
{"message":"Employee list displayed!!","level":"info"}
{"message":"Employee list displayed!!","level":"info"}
{"message":"Employee list displayed!!","level":"info"}
{"message":"Employee list displayed!!","level":"info"}
{"message":"Employee list displayed!!","level":"info"}
{"message":"Employee list displayed!!","level":"info"}
{"message":"Employee list displayed!!","level":"info"}
{"message":"Employee list displayed!!","level":"info"}
{"message":"Employee list displayed!!","level":"info"}
{"message":"Employee list displayed!!","level":"info"}
{"message":"Employee list displayed!!","level":"info"}
{"message":"Employee list displayed!!","level":"info"}
{"message":"Employee list displayed!!","level":"info"}
{"message":"Employee list displayed!!","level":"info"}
{"message":"Employee list displayed!!","level":"info"}
{"message":"Employee list displayed!!","level":"info"}
{"message":"Employee found and displayed!!","level":"info"}
{"message":"Employee found and displayed!!","level":"info"}
{"message":"Employee found and displayed!!","level":"info"}
{"message":"Employee found and displayed!!","level":"info"}
{"level":"error","message":"Employee doesn't exist!!","stack":"Error: Employee doesn't exist!!\n    at C:\\Users\\soniya_durgude\\Desktop\\POC\\POC_Node\\Demo\\api\\service.js:65:24\n    at new Promise (<anonymous>)\n    at checkResultLength (C:\\Users\\soniya_durgude\\Desktop\\POC\\POC_Node\\Demo\\api\\service.js:60:16)\n    at C:\\Users\\soniya_durgude\\Desktop\\POC\\POC_Node\\Demo\\api\\controller.js:65:24\n    at runMicrotasks (<anonymous>)\n    at processTicksAndRejections (internal/process/task_queues.js:93:5)"}
{"level":"error","message":"Employee doesn't exist!!","stack":"Error: Employee doesn't exist!!\n    at C:\\Users\\soniya_durgude\\Desktop\\POC\\POC_Node\\Demo\\api\\service.js:65:24\n    at new Promise (<anonymous>)\n    at checkResultLength (C:\\Users\\soniya_durgude\\Desktop\\POC\\POC_Node\\Demo\\api\\service.js:60:16)\n    at C:\\Users\\soniya_durgude\\Desktop\\POC\\POC_Node\\Demo\\api\\controller.js:65:24\n    at runMicrotasks (<anonymous>)\n    at processTicksAndRejections (internal/process/task_queues.js:93:5)"}
{"level":"error","message":"Employee doesn't exist!!","stack":"Error: Employee doesn't exist!!\n    at C:\\Users\\soniya_durgude\\Desktop\\POC\\POC_Node\\Demo\\api\\service.js:65:24\n    at new Promise (<anonymous>)\n    at checkResultLength (C:\\Users\\soniya_durgude\\Desktop\\POC\\POC_Node\\Demo\\api\\service.js:60:16)\n    at C:\\Users\\soniya_durgude\\Desktop\\POC\\POC_Node\\Demo\\api\\controller.js:65:24\n    at runMicrotasks (<anonymous>)\n    at processTicksAndRejections (internal/process/task_queues.js:93:5)"}
{"level":"error","message":"Employee doesn't exist!!","stack":"Error: Employee doesn't exist!!\n    at C:\\Users\\soniya_durgude\\Desktop\\POC\\POC_Node\\Demo\\api\\service.js:65:24\n    at new Promise (<anonymous>)\n    at checkResultLength (C:\\Users\\soniya_durgude\\Desktop\\POC\\POC_Node\\Demo\\api\\service.js:60:16)\n    at C:\\Users\\soniya_durgude\\Desktop\\POC\\POC_Node\\Demo\\api\\controller.js:65:24\n    at runMicrotasks (<anonymous>)\n    at processTicksAndRejections (internal/process/task_queues.js:93:5)"}
{"level":"error","message":"Employee doesn't exist!!","stack":"Error: Employee doesn't exist!!\n    at C:\\Users\\soniya_durgude\\Desktop\\POC\\POC_Node\\Demo\\api\\service.js:65:24\n    at new Promise (<anonymous>)\n    at checkResultLength (C:\\Users\\soniya_durgude\\Desktop\\POC\\POC_Node\\Demo\\api\\service.js:60:16)\n    at C:\\Users\\soniya_durgude\\Desktop\\POC\\POC_Node\\Demo\\api\\controller.js:65:24\n    at runMicrotasks (<anonymous>)\n    at processTicksAndRejections (internal/process/task_queues.js:93:5)"}
{"level":"error","message":"Employee doesn't exist!!","stack":"Error: Employee doesn't exist!!\n    at C:\\Users\\soniya_durgude\\Desktop\\POC\\POC_Node\\Demo\\api\\service.js:65:24\n    at new Promise (<anonymous>)\n    at checkResultLength (C:\\Users\\soniya_durgude\\Desktop\\POC\\POC_Node\\Demo\\api\\service.js:60:16)\n    at C:\\Users\\soniya_durgude\\Desktop\\POC\\POC_Node\\Demo\\api\\controller.js:65:24\n    at runMicrotasks (<anonymous>)\n    at processTicksAndRejections (internal/process/task_queues.js:93:5)"}
{"level":"error","message":"Employee doesn't exist!!","stack":"Error: Employee doesn't exist!!\n    at C:\\Users\\soniya_durgude\\Desktop\\POC\\POC_Node\\Demo\\api\\service.js:65:24\n    at new Promise (<anonymous>)\n    at checkResultLength (C:\\Users\\soniya_durgude\\Desktop\\POC\\POC_Node\\Demo\\api\\service.js:60:16)\n    at C:\\Users\\soniya_durgude\\Desktop\\POC\\POC_Node\\Demo\\api\\controller.js:65:24\n    at runMicrotasks (<anonymous>)\n    at processTicksAndRejections (internal/process/task_queues.js:93:5)"}
{"level":"error","message":"Employee doesn't exist!!","stack":"Error: Employee doesn't exist!!\n    at C:\\Users\\soniya_durgude\\Desktop\\POC\\POC_Node\\Demo\\api\\service.js:65:24\n    at new Promise (<anonymous>)\n    at checkResultLength (C:\\Users\\soniya_durgude\\Desktop\\POC\\POC_Node\\Demo\\api\\service.js:60:16)\n    at C:\\Users\\soniya_durgude\\Desktop\\POC\\POC_Node\\Demo\\api\\controller.js:65:24\n    at runMicrotasks (<anonymous>)\n    at processTicksAndRejections (internal/process/task_queues.js:93:5)"}
{"level":"error","message":"Employee doesn't exist!!","stack":"Error: Employee doesn't exist!!\n    at C:\\Users\\soniya_durgude\\Desktop\\POC\\POC_Node\\Demo\\api\\service.js:65:24\n    at new Promise (<anonymous>)\n    at checkResultLength (C:\\Users\\soniya_durgude\\Desktop\\POC\\POC_Node\\Demo\\api\\service.js:60:16)\n    at C:\\Users\\soniya_durgude\\Desktop\\POC\\POC_Node\\Demo\\api\\controller.js:65:24\n    at runMicrotasks (<anonymous>)\n    at processTicksAndRejections (internal/process/task_queues.js:93:5)"}
{"message":"Employee updated!!","level":"info"}
{"level":"error","message":"Employee doesn't exists cannot update or delete!!","stack":"Error: Employee doesn't exists cannot update or delete!!\n    at C:\\Users\\soniya_durgude\\Desktop\\POC\\POC_Node\\Demo\\api\\service.js:94:24\n    at new Promise (<anonymous>)\n    at checkEmpExist (C:\\Users\\soniya_durgude\\Desktop\\POC\\POC_Node\\Demo\\api\\service.js:92:16)\n    at C:\\Users\\soniya_durgude\\Desktop\\POC\\POC_Node\\Demo\\api\\controller.js:101:24\n    at runMicrotasks (<anonymous>)\n    at processTicksAndRejections (internal/process/task_queues.js:93:5)"}
{"message":"Employee updated!!","level":"info"}
{"level":"error","message":"Employee doesn't exists cannot update or delete!!","stack":"Error: Employee doesn't exists cannot update or delete!!\n    at C:\\Users\\soniya_durgude\\Desktop\\POC\\POC_Node\\Demo\\api\\service.js:94:24\n    at new Promise (<anonymous>)\n    at checkEmpExist (C:\\Users\\soniya_durgude\\Desktop\\POC\\POC_Node\\Demo\\api\\service.js:92:16)\n    at C:\\Users\\soniya_durgude\\Desktop\\POC\\POC_Node\\Demo\\api\\controller.js:101:24\n    at runMicrotasks (<anonymous>)\n    at processTicksAndRejections (internal/process/task_queues.js:93:5)"}
{"message":"Employee updated!!","level":"info"}
{"message":"Employee deleted!!","level":"info"}
{"message":"Employee deleted!!","level":"info"}
{"message":"Employee list displayed!!","level":"info"}
{"level":"error","message":"Employee doesn't exists cannot update or delete!!","stack":"Error: Employee doesn't exists cannot update or delete!!\n    at C:\\Users\\soniya_durgude\\Desktop\\POC\\POC_Node\\Demo\\api\\service.js:94:24\n    at new Promise (<anonymous>)\n    at checkEmpExist (C:\\Users\\soniya_durgude\\Desktop\\POC\\POC_Node\\Demo\\api\\service.js:92:16)\n    at C:\\Users\\soniya_durgude\\Desktop\\POC\\POC_Node\\Demo\\api\\controller.js:139:24\n    at runMicrotasks (<anonymous>)\n    at processTicksAndRejections (internal/process/task_queues.js:93:5)"}
{"message":"Employee list displayed!!","level":"info"}
{"message":"Employee found and displayed!!","level":"info"}
{"level":"error","message":"Employee doesn't exists cannot update or delete!!","stack":"Error: Employee doesn't exists cannot update or delete!!\n    at C:\\Users\\soniya_durgude\\Desktop\\POC\\POC_Node\\Demo\\api\\service.js:94:24\n    at new Promise (<anonymous>)\n    at checkEmpExist (C:\\Users\\soniya_durgude\\Desktop\\POC\\POC_Node\\Demo\\api\\service.js:92:16)\n    at C:\\Users\\soniya_durgude\\Desktop\\POC\\POC_Node\\Demo\\api\\controller.js:101:24\n    at runMicrotasks (<anonymous>)\n    at processTicksAndRejections (internal/process/task_queues.js:93:5)"}
{"message":"Employee deleted!!","level":"info"}
{"message":"New Employee added!!","level":"info"}
{"message":"Employee list displayed!!","level":"info"}
{"message":"Employee found and displayed!!","level":"info"}
{"message":"Employee updated!!","level":"info"}
{"message":"Employee deleted!!","level":"info"}
{"level":"error","message":"Employee doesn't exist!!","stack":"Error: Employee doesn't exist!!\n    at C:\\Users\\soniya_durgude\\Desktop\\POC\\POC_Node\\Demo\\api\\service.js:65:24\n    at new Promise (<anonymous>)\n    at checkResultLength (C:\\Users\\soniya_durgude\\Desktop\\POC\\POC_Node\\Demo\\api\\service.js:60:16)\n    at C:\\Users\\soniya_durgude\\Desktop\\POC\\POC_Node\\Demo\\api\\controller.js:65:24\n    at processTicksAndRejections (internal/process/task_queues.js:93:5)"}
{"level":"error","message":"Employee doesn't exists cannot update or delete!!","stack":"Error: Employee doesn't exists cannot update or delete!!\n    at C:\\Users\\soniya_durgude\\Desktop\\POC\\POC_Node\\Demo\\api\\service.js:94:24\n    at new Promise (<anonymous>)\n    at checkEmpExist (C:\\Users\\soniya_durgude\\Desktop\\POC\\POC_Node\\Demo\\api\\service.js:92:16)\n    at C:\\Users\\soniya_durgude\\Desktop\\POC\\POC_Node\\Demo\\api\\controller.js:139:24\n    at processTicksAndRejections (internal/process/task_queues.js:93:5)"}
{"message":"Employee list displayed!!","level":"info"}
{"message":"Employee list displayed!!","level":"info"}
{"message":"Employee list displayed!!","level":"info"}
{"message":"Employee list displayed!!","level":"info"}
{"message":"Employee list displayed!!","level":"info"}
{"message":"Employee list displayed!!","level":"info"}
{"message":"Employee found and displayed!!","level":"info"}
{"message":"Employee found and displayed!!","level":"info"}
{"message":"Employee list displayed!!","level":"info"}
{"message":"Employee deleted!!","level":"info"}
{"level":"error","message":"Employee doesn't exist!!","stack":"Error: Employee doesn't exist!!\n    at C:\\Users\\soniya_durgude\\Desktop\\POC\\POC_Node\\Demo\\api\\service.js:65:24\n    at new Promise (<anonymous>)\n    at checkResultLength (C:\\Users\\soniya_durgude\\Desktop\\POC\\POC_Node\\Demo\\api\\service.js:60:16)\n    at C:\\Users\\soniya_durgude\\Desktop\\POC\\POC_Node\\Demo\\api\\controller.js:65:24\n    at processTicksAndRejections (internal/process/task_queues.js:93:5)"}
{"level":"error","message":"Employee doesn't exists cannot update or delete!!","stack":"Error: Employee doesn't exists cannot update or delete!!\n    at C:\\Users\\soniya_durgude\\Desktop\\POC\\POC_Node\\Demo\\api\\service.js:94:24\n    at new Promise (<anonymous>)\n    at checkEmpExist (C:\\Users\\soniya_durgude\\Desktop\\POC\\POC_Node\\Demo\\api\\service.js:92:16)\n    at C:\\Users\\soniya_durgude\\Desktop\\POC\\POC_Node\\Demo\\api\\controller.js:139:24\n    at processTicksAndRejections (internal/process/task_queues.js:93:5)"}
{"level":"error","message":"Employee doesn't exists cannot update or delete!!","stack":"Error: Employee doesn't exists cannot update or delete!!\n    at C:\\Users\\soniya_durgude\\Desktop\\POC\\POC_Node\\Demo\\api\\service.js:94:24\n    at new Promise (<anonymous>)\n    at checkEmpExist (C:\\Users\\soniya_durgude\\Desktop\\POC\\POC_Node\\Demo\\api\\service.js:92:16)\n    at C:\\Users\\soniya_durgude\\Desktop\\POC\\POC_Node\\Demo\\api\\controller.js:139:24\n    at processTicksAndRejections (internal/process/task_queues.js:93:5)"}
{"message":"Employee deleted!!","level":"info"}
{"message":"Employee list displayed!!","level":"info"}
{"message":"Employee list displayed!!","level":"info"}
{"message":"Employee list displayed!!","level":"info"}
{"message":"Employee list displayed!!","level":"info"}
{"message":"Employee list displayed!!","level":"info"}
{"message":"Employee list displayed!!","level":"info"}
{"message":"Employee list displayed!!","level":"info"}
{"message":"Employee list displayed!!","level":"info"}
{"message":"Employee list displayed!!","level":"info"}
{"message":"Employee list displayed!!","level":"info"}
{"message":"Employee list displayed!!","level":"info"}
{"message":"Employee found and displayed!!","level":"info"}
{"level":"error","message":"Employee doesn't exist!!","stack":"Error: Employee doesn't exist!!\n    at C:\\Users\\soniya_durgude\\Desktop\\POC\\POC_Node\\Demo\\api\\service.js:65:24\n    at new Promise (<anonymous>)\n    at checkResultLength (C:\\Users\\soniya_durgude\\Desktop\\POC\\POC_Node\\Demo\\api\\service.js:60:16)\n    at C:\\Users\\soniya_durgude\\Desktop\\POC\\POC_Node\\Demo\\api\\controller.js:65:24\n    at runMicrotasks (<anonymous>)\n    at processTicksAndRejections (internal/process/task_queues.js:93:5)"}
{"level":"error","message":"Employee doesn't exist!!","stack":"Error: Employee doesn't exist!!\n    at C:\\Users\\soniya_durgude\\Desktop\\POC\\POC_Node\\Demo\\api\\service.js:65:24\n    at new Promise (<anonymous>)\n    at checkResultLength (C:\\Users\\soniya_durgude\\Desktop\\POC\\POC_Node\\Demo\\api\\service.js:60:16)\n    at C:\\Users\\soniya_durgude\\Desktop\\POC\\POC_Node\\Demo\\api\\controller.js:65:24\n    at runMicrotasks (<anonymous>)\n    at processTicksAndRejections (internal/process/task_queues.js:93:5)"}
{"level":"error","message":"Employee doesn't exist!!","stack":"Error: Employee doesn't exist!!\n    at C:\\Users\\soniya_durgude\\Desktop\\POC\\POC_Node\\Demo\\api\\service.js:65:24\n    at new Promise (<anonymous>)\n    at checkResultLength (C:\\Users\\soniya_durgude\\Desktop\\POC\\POC_Node\\Demo\\api\\service.js:60:16)\n    at C:\\Users\\soniya_durgude\\Desktop\\POC\\POC_Node\\Demo\\api\\controller.js:65:24\n    at runMicrotasks (<anonymous>)\n    at processTicksAndRejections (internal/process/task_queues.js:93:5)"}
{"level":"error","message":"Employee doesn't exist!!","stack":"Error: Employee doesn't exist!!\n    at C:\\Users\\soniya_durgude\\Desktop\\POC\\POC_Node\\Demo\\api\\service.js:65:24\n    at new Promise (<anonymous>)\n    at checkResultLength (C:\\Users\\soniya_durgude\\Desktop\\POC\\POC_Node\\Demo\\api\\service.js:60:16)\n    at C:\\Users\\soniya_durgude\\Desktop\\POC\\POC_Node\\Demo\\api\\controller.js:65:24\n    at runMicrotasks (<anonymous>)\n    at processTicksAndRejections (internal/process/task_queues.js:93:5)"}
{"level":"error","message":"Employee doesn't exist!!","stack":"Error: Employee doesn't exist!!\n    at C:\\Users\\soniya_durgude\\Desktop\\POC\\POC_Node\\Demo\\api\\service.js:65:24\n    at new Promise (<anonymous>)\n    at checkResultLength (C:\\Users\\soniya_durgude\\Desktop\\POC\\POC_Node\\Demo\\api\\service.js:60:16)\n    at C:\\Users\\soniya_durgude\\Desktop\\POC\\POC_Node\\Demo\\api\\controller.js:65:24\n    at runMicrotasks (<anonymous>)\n    at processTicksAndRejections (internal/process/task_queues.js:93:5)"}
{"level":"error","message":"Employee doesn't exist!!","stack":"Error: Employee doesn't exist!!\n    at C:\\Users\\soniya_durgude\\Desktop\\POC\\POC_Node\\Demo\\api\\service.js:65:24\n    at new Promise (<anonymous>)\n    at checkResultLength (C:\\Users\\soniya_durgude\\Desktop\\POC\\POC_Node\\Demo\\api\\service.js:60:16)\n    at C:\\Users\\soniya_durgude\\Desktop\\POC\\POC_Node\\Demo\\api\\controller.js:65:24\n    at runMicrotasks (<anonymous>)\n    at processTicksAndRejections (internal/process/task_queues.js:93:5)"}
{"level":"error","message":"Employee doesn't exist!!","stack":"Error: Employee doesn't exist!!\n    at C:\\Users\\soniya_durgude\\Desktop\\POC\\POC_Node\\Demo\\api\\service.js:65:24\n    at new Promise (<anonymous>)\n    at checkResultLength (C:\\Users\\soniya_durgude\\Desktop\\POC\\POC_Node\\Demo\\api\\service.js:60:16)\n    at C:\\Users\\soniya_durgude\\Desktop\\POC\\POC_Node\\Demo\\api\\controller.js:65:24\n    at runMicrotasks (<anonymous>)\n    at processTicksAndRejections (internal/process/task_queues.js:93:5)"}
{"message":"Employee list displayed!!","level":"info"}
{"message":"Employee list displayed!!","level":"info"}
{"message":"Employee list displayed!!","level":"info"}
{"message":"Employee list displayed!!","level":"info"}
{"message":"Employee list displayed!!","level":"info"}
{"message":"Employee list displayed!!","level":"info"}
{"message":"Employee list displayed!!","level":"info"}
{"message":"Employee list displayed!!","level":"info"}
{"message":"Employee list displayed!!","level":"info"}
{"level":"error","message":"Employee doesn't exist!!","stack":"Error: Employee doesn't exist!!\n    at C:\\Users\\soniya_durgude\\Desktop\\POC\\POC_Node\\Demo\\api\\service.js:65:24\n    at new Promise (<anonymous>)\n    at checkResultLength (C:\\Users\\soniya_durgude\\Desktop\\POC\\POC_Node\\Demo\\api\\service.js:60:16)\n    at C:\\Users\\soniya_durgude\\Desktop\\POC\\POC_Node\\Demo\\api\\controller.js:65:24\n    at runMicrotasks (<anonymous>)\n    at processTicksAndRejections (internal/process/task_queues.js:93:5)"}
{"level":"error","message":"Employee doesn't exist!!","stack":"Error: Employee doesn't exist!!\n    at C:\\Users\\soniya_durgude\\Desktop\\POC\\POC_Node\\Demo\\api\\service.js:65:24\n    at new Promise (<anonymous>)\n    at checkResultLength (C:\\Users\\soniya_durgude\\Desktop\\POC\\POC_Node\\Demo\\api\\service.js:60:16)\n    at C:\\Users\\soniya_durgude\\Desktop\\POC\\POC_Node\\Demo\\api\\controller.js:65:24\n    at runMicrotasks (<anonymous>)\n    at processTicksAndRejections (internal/process/task_queues.js:93:5)"}
{"message":"Employee list displayed!!","level":"info"}
{"message":"Employee list displayed!!","level":"info"}
{"message":"Employee list displayed!!","level":"info"}
{"level":"error","message":"Employee doesn't exist!!","stack":"Error: Employee doesn't exist!!\n    at C:\\Users\\soniya_durgude\\Desktop\\POC\\POC_Node\\Demo\\api\\service.js:65:24\n    at new Promise (<anonymous>)\n    at checkResultLength (C:\\Users\\soniya_durgude\\Desktop\\POC\\POC_Node\\Demo\\api\\service.js:60:16)\n    at C:\\Users\\soniya_durgude\\Desktop\\POC\\POC_Node\\Demo\\api\\controller.js:65:24\n    at runMicrotasks (<anonymous>)\n    at processTicksAndRejections (internal/process/task_queues.js:93:5)"}
{"level":"error","message":"Employee doesn't exist!!","stack":"Error: Employee doesn't exist!!\n    at C:\\Users\\soniya_durgude\\Desktop\\POC\\POC_Node\\Demo\\api\\service.js:65:24\n    at new Promise (<anonymous>)\n    at checkResultLength (C:\\Users\\soniya_durgude\\Desktop\\POC\\POC_Node\\Demo\\api\\service.js:60:16)\n    at C:\\Users\\soniya_durgude\\Desktop\\POC\\POC_Node\\Demo\\api\\controller.js:65:24\n    at runMicrotasks (<anonymous>)\n    at processTicksAndRejections (internal/process/task_queues.js:93:5)"}
{"level":"error","message":"Employee doesn't exist!!","stack":"Error: Employee doesn't exist!!\n    at C:\\Users\\soniya_durgude\\Desktop\\POC\\POC_Node\\Demo\\api\\service.js:65:24\n    at new Promise (<anonymous>)\n    at checkResultLength (C:\\Users\\soniya_durgude\\Desktop\\POC\\POC_Node\\Demo\\api\\service.js:60:16)\n    at C:\\Users\\soniya_durgude\\Desktop\\POC\\POC_Node\\Demo\\api\\controller.js:65:24\n    at runMicrotasks (<anonymous>)\n    at processTicksAndRejections (internal/process/task_queues.js:93:5)"}
{"level":"error","message":"Employee doesn't exist!!","stack":"Error: Employee doesn't exist!!\n    at C:\\Users\\soniya_durgude\\Desktop\\POC\\POC_Node\\Demo\\api\\service.js:65:24\n    at new Promise (<anonymous>)\n    at checkResultLength (C:\\Users\\soniya_durgude\\Desktop\\POC\\POC_Node\\Demo\\api\\service.js:60:16)\n    at C:\\Users\\soniya_durgude\\Desktop\\POC\\POC_Node\\Demo\\api\\controller.js:65:24\n    at runMicrotasks (<anonymous>)\n    at processTicksAndRejections (internal/process/task_queues.js:93:5)"}
{"level":"error","message":"Database connection error","stack":"Error: Database connection error\n    at Query._callback (C:\\Users\\soniya_durgude\\Desktop\\POC\\POC_Node\\Demo\\api\\service.js:49:28)\n    at Query.Sequence.end (C:\\Users\\soniya_durgude\\Desktop\\POC\\POC_Node\\Demo\\node_modules\\mysql\\lib\\protocol\\sequences\\Sequence.js:83:24)\n    at C:\\Users\\soniya_durgude\\Desktop\\POC\\POC_Node\\Demo\\node_modules\\mysql\\lib\\Pool.js:205:13\n    at Handshake.onConnect (C:\\Users\\soniya_durgude\\Desktop\\POC\\POC_Node\\Demo\\node_modules\\mysql\\lib\\Pool.js:58:9)\n    at Handshake.<anonymous> (C:\\Users\\soniya_durgude\\Desktop\\POC\\POC_Node\\Demo\\node_modules\\mysql\\lib\\Connection.js:526:10)\n    at Handshake._callback (C:\\Users\\soniya_durgude\\Desktop\\POC\\POC_Node\\Demo\\node_modules\\mysql\\lib\\Connection.js:488:16)\n    at Handshake.Sequence.end (C:\\Users\\soniya_durgude\\Desktop\\POC\\POC_Node\\Demo\\node_modules\\mysql\\lib\\protocol\\sequences\\Sequence.js:83:24)\n    at Handshake.ErrorPacket (C:\\Users\\soniya_durgude\\Desktop\\POC\\POC_Node\\Demo\\node_modules\\mysql\\lib\\protocol\\sequences\\Handshake.js:125:8)\n    at Protocol._parsePacket (C:\\Users\\soniya_durgude\\Desktop\\POC\\POC_Node\\Demo\\node_modules\\mysql\\lib\\protocol\\Protocol.js:291:23)\n    at Parser._parsePacket (C:\\Users\\soniya_durgude\\Desktop\\POC\\POC_Node\\Demo\\node_modules\\mysql\\lib\\protocol\\Parser.js:433:10)\n    at Parser.write (C:\\Users\\soniya_durgude\\Desktop\\POC\\POC_Node\\Demo\\node_modules\\mysql\\lib\\protocol\\Parser.js:43:10)\n    at Protocol.write (C:\\Users\\soniya_durgude\\Desktop\\POC\\POC_Node\\Demo\\node_modules\\mysql\\lib\\protocol\\Protocol.js:38:16)\n    at Socket.<anonymous> (C:\\Users\\soniya_durgude\\Desktop\\POC\\POC_Node\\Demo\\node_modules\\mysql\\lib\\Connection.js:88:28)\n    at Socket.<anonymous> (C:\\Users\\soniya_durgude\\Desktop\\POC\\POC_Node\\Demo\\node_modules\\mysql\\lib\\Connection.js:526:10)\n    at Socket.emit (events.js:210:5)\n    at addChunk (_stream_readable.js:309:12)"}
{"message":"Employee list displayed!!","level":"info"}
{"level":"error","message":"Employee doesn't exist!!","stack":"Error: Employee doesn't exist!!\n    at C:\\Users\\soniya_durgude\\Desktop\\POC\\POC_Node\\Demo\\api\\service.js:65:24\n    at new Promise (<anonymous>)\n    at checkResultLength (C:\\Users\\soniya_durgude\\Desktop\\POC\\POC_Node\\Demo\\api\\service.js:60:16)\n    at C:\\Users\\soniya_durgude\\Desktop\\POC\\POC_Node\\Demo\\api\\controller.js:65:24\n    at processTicksAndRejections (internal/process/task_queues.js:93:5)"}
{"message":"Employee found and displayed!!","level":"info"}
{"level":"error","message":"Employee doesn't exist!!","stack":"Error: Employee doesn't exist!!\n    at C:\\Users\\soniya_durgude\\Desktop\\POC\\POC_Node\\Demo\\api\\service.js:65:24\n    at new Promise (<anonymous>)\n    at checkResultLength (C:\\Users\\soniya_durgude\\Desktop\\POC\\POC_Node\\Demo\\api\\service.js:60:16)\n    at C:\\Users\\soniya_durgude\\Desktop\\POC\\POC_Node\\Demo\\api\\controller.js:65:24\n    at processTicksAndRejections (internal/process/task_queues.js:93:5)"}
{"level":"error","message":"Employee doesn't exist!!","stack":"Error: Employee doesn't exist!!\n    at C:\\Users\\soniya_durgude\\Desktop\\POC\\POC_Node\\Demo\\api\\service.js:65:24\n    at new Promise (<anonymous>)\n    at checkResultLength (C:\\Users\\soniya_durgude\\Desktop\\POC\\POC_Node\\Demo\\api\\service.js:60:16)\n    at C:\\Users\\soniya_durgude\\Desktop\\POC\\POC_Node\\Demo\\api\\controller.js:65:24\n    at processTicksAndRejections (internal/process/task_queues.js:93:5)"}
{"message":"Employee list displayed!!","level":"info"}
{"message":"Employee list displayed!!","level":"info"}
{"level":"error","message":"Employee doesn't exist!!","stack":"Error: Employee doesn't exist!!\n    at C:\\Users\\soniya_durgude\\Desktop\\POC\\POC_Node\\Demo\\api\\service.js:65:24\n    at new Promise (<anonymous>)\n    at checkResultLength (C:\\Users\\soniya_durgude\\Desktop\\POC\\POC_Node\\Demo\\api\\service.js:60:16)\n    at C:\\Users\\soniya_durgude\\Desktop\\POC\\POC_Node\\Demo\\api\\controller.js:65:24\n    at runMicrotasks (<anonymous>)\n    at processTicksAndRejections (internal/process/task_queues.js:93:5)"}
{"level":"error","message":"Employee doesn't exist!!","stack":"Error: Employee doesn't exist!!\n    at C:\\Users\\soniya_durgude\\Desktop\\POC\\POC_Node\\Demo\\api\\service.js:65:24\n    at new Promise (<anonymous>)\n    at checkResultLength (C:\\Users\\soniya_durgude\\Desktop\\POC\\POC_Node\\Demo\\api\\service.js:60:16)\n    at C:\\Users\\soniya_durgude\\Desktop\\POC\\POC_Node\\Demo\\api\\controller.js:65:24\n    at runMicrotasks (<anonymous>)\n    at processTicksAndRejections (internal/process/task_queues.js:93:5)"}
{"level":"error","message":"Employee doesn't exist!!","stack":"Error: Employee doesn't exist!!\n    at C:\\Users\\soniya_durgude\\Desktop\\POC\\POC_Node\\Demo\\api\\service.js:65:24\n    at new Promise (<anonymous>)\n    at checkResultLength (C:\\Users\\soniya_durgude\\Desktop\\POC\\POC_Node\\Demo\\api\\service.js:60:16)\n    at C:\\Users\\soniya_durgude\\Desktop\\POC\\POC_Node\\Demo\\api\\controller.js:65:24\n    at runMicrotasks (<anonymous>)\n    at processTicksAndRejections (internal/process/task_queues.js:93:5)"}
{"level":"error","message":"Employee doesn't exist!!","stack":"Error: Employee doesn't exist!!\n    at C:\\Users\\soniya_durgude\\Desktop\\POC\\POC_Node\\Demo\\api\\service.js:65:24\n    at new Promise (<anonymous>)\n    at checkResultLength (C:\\Users\\soniya_durgude\\Desktop\\POC\\POC_Node\\Demo\\api\\service.js:60:16)\n    at C:\\Users\\soniya_durgude\\Desktop\\POC\\POC_Node\\Demo\\api\\controller.js:65:24\n    at runMicrotasks (<anonymous>)\n    at processTicksAndRejections (internal/process/task_queues.js:93:5)"}
{"message":"Employee list displayed!!","level":"info"}
{"message":"Employee list displayed!!","level":"info"}
{"level":"error","message":"Employee doesn't exist!!","stack":"Error: Employee doesn't exist!!\n    at C:\\Users\\soniya_durgude\\Desktop\\POC\\POC_Node\\Demo\\api\\service.js:65:24\n    at new Promise (<anonymous>)\n    at checkResultLength (C:\\Users\\soniya_durgude\\Desktop\\POC\\POC_Node\\Demo\\api\\service.js:60:16)\n    at C:\\Users\\soniya_durgude\\Desktop\\POC\\POC_Node\\Demo\\api\\controller.js:65:24\n    at runMicrotasks (<anonymous>)\n    at processTicksAndRejections (internal/process/task_queues.js:93:5)"}
{"level":"error","message":"Employee doesn't exist!!","stack":"Error: Employee doesn't exist!!\n    at C:\\Users\\soniya_durgude\\Desktop\\POC\\POC_Node\\Demo\\api\\service.js:65:24\n    at new Promise (<anonymous>)\n    at checkResultLength (C:\\Users\\soniya_durgude\\Desktop\\POC\\POC_Node\\Demo\\api\\service.js:60:16)\n    at C:\\Users\\soniya_durgude\\Desktop\\POC\\POC_Node\\Demo\\api\\controller.js:65:24\n    at runMicrotasks (<anonymous>)\n    at processTicksAndRejections (internal/process/task_queues.js:93:5)"}
{"message":"Employee list displayed!!","level":"info"}
{"message":"Employee list displayed!!","level":"info"}
{"level":"error","message":"Employee doesn't exist!!","stack":"Error: Employee doesn't exist!!\n    at C:\\Users\\soniya_durgude\\Desktop\\POC\\POC_Node\\Demo\\api\\service.js:65:24\n    at new Promise (<anonymous>)\n    at checkResultLength (C:\\Users\\soniya_durgude\\Desktop\\POC\\POC_Node\\Demo\\api\\service.js:60:16)\n    at C:\\Users\\soniya_durgude\\Desktop\\POC\\POC_Node\\Demo\\api\\controller.js:65:24\n    at runMicrotasks (<anonymous>)\n    at processTicksAndRejections (internal/process/task_queues.js:93:5)"}
{"message":"Employee list displayed!!","level":"info"}
{"level":"error","message":"Database connection error","stack":"Error: Database connection error\n    at Query._callback (C:\\Users\\soniya_durgude\\Desktop\\POC\\POC_Node\\Demo\\api\\service.js:49:28)\n    at Query.Sequence.end (C:\\Users\\soniya_durgude\\Desktop\\POC\\POC_Node\\Demo\\node_modules\\mysql\\lib\\protocol\\sequences\\Sequence.js:83:24)\n    at C:\\Users\\soniya_durgude\\Desktop\\POC\\POC_Node\\Demo\\node_modules\\mysql\\lib\\Pool.js:205:13\n    at Handshake.onConnect (C:\\Users\\soniya_durgude\\Desktop\\POC\\POC_Node\\Demo\\node_modules\\mysql\\lib\\Pool.js:58:9)\n    at Handshake.<anonymous> (C:\\Users\\soniya_durgude\\Desktop\\POC\\POC_Node\\Demo\\node_modules\\mysql\\lib\\Connection.js:526:10)\n    at Handshake._callback (C:\\Users\\soniya_durgude\\Desktop\\POC\\POC_Node\\Demo\\node_modules\\mysql\\lib\\Connection.js:488:16)\n    at Handshake.Sequence.end (C:\\Users\\soniya_durgude\\Desktop\\POC\\POC_Node\\Demo\\node_modules\\mysql\\lib\\protocol\\sequences\\Sequence.js:83:24)\n    at Handshake.ErrorPacket (C:\\Users\\soniya_durgude\\Desktop\\POC\\POC_Node\\Demo\\node_modules\\mysql\\lib\\protocol\\sequences\\Handshake.js:125:8)\n    at Protocol._parsePacket (C:\\Users\\soniya_durgude\\Desktop\\POC\\POC_Node\\Demo\\node_modules\\mysql\\lib\\protocol\\Protocol.js:291:23)\n    at Parser._parsePacket (C:\\Users\\soniya_durgude\\Desktop\\POC\\POC_Node\\Demo\\node_modules\\mysql\\lib\\protocol\\Parser.js:433:10)\n    at Parser.write (C:\\Users\\soniya_durgude\\Desktop\\POC\\POC_Node\\Demo\\node_modules\\mysql\\lib\\protocol\\Parser.js:43:10)\n    at Protocol.write (C:\\Users\\soniya_durgude\\Desktop\\POC\\POC_Node\\Demo\\node_modules\\mysql\\lib\\protocol\\Protocol.js:38:16)\n    at Socket.<anonymous> (C:\\Users\\soniya_durgude\\Desktop\\POC\\POC_Node\\Demo\\node_modules\\mysql\\lib\\Connection.js:88:28)\n    at Socket.<anonymous> (C:\\Users\\soniya_durgude\\Desktop\\POC\\POC_Node\\Demo\\node_modules\\mysql\\lib\\Connection.js:526:10)\n    at Socket.emit (events.js:210:5)\n    at addChunk (_stream_readable.js:309:12)"}
{"code":"ER_ACCESS_DENIED_ERROR","errno":1045,"sqlMessage":"Access denied for user 'root1'@'localhost' (using password: YES)","sqlState":"28000","fatal":true,"level":"error","message":"ER_ACCESS_DENIED_ERROR: Access denied for user 'root1'@'localhost' (using password: YES)","stack":"Error: ER_ACCESS_DENIED_ERROR: Access denied for user 'root1'@'localhost' (using password: YES)\n    at Handshake.Sequence._packetToError (C:\\Users\\soniya_durgude\\Desktop\\POC\\POC_Node\\Demo\\node_modules\\mysql\\lib\\protocol\\sequences\\Sequence.js:47:14)\n    at Handshake.ErrorPacket (C:\\Users\\soniya_durgude\\Desktop\\POC\\POC_Node\\Demo\\node_modules\\mysql\\lib\\protocol\\sequences\\Handshake.js:123:18)\n    at Protocol._parsePacket (C:\\Users\\soniya_durgude\\Desktop\\POC\\POC_Node\\Demo\\node_modules\\mysql\\lib\\protocol\\Protocol.js:291:23)\n    at Parser._parsePacket (C:\\Users\\soniya_durgude\\Desktop\\POC\\POC_Node\\Demo\\node_modules\\mysql\\lib\\protocol\\Parser.js:433:10)\n    at Parser.write (C:\\Users\\soniya_durgude\\Desktop\\POC\\POC_Node\\Demo\\node_modules\\mysql\\lib\\protocol\\Parser.js:43:10)\n    at Protocol.write (C:\\Users\\soniya_durgude\\Desktop\\POC\\POC_Node\\Demo\\node_modules\\mysql\\lib\\protocol\\Protocol.js:38:16)\n    at Socket.<anonymous> (C:\\Users\\soniya_durgude\\Desktop\\POC\\POC_Node\\Demo\\node_modules\\mysql\\lib\\Connection.js:88:28)\n    at Socket.<anonymous> (C:\\Users\\soniya_durgude\\Desktop\\POC\\POC_Node\\Demo\\node_modules\\mysql\\lib\\Connection.js:526:10)\n    at Socket.emit (events.js:210:5)\n    at addChunk (_stream_readable.js:309:12)\n    at readableAddChunk (_stream_readable.js:290:11)\n    at Socket.Readable.push (_stream_readable.js:224:10)\n    at TCP.onStreamRead (internal/stream_base_commons.js:182:23)\n    --------------------\n    at Protocol._enqueue (C:\\Users\\soniya_durgude\\Desktop\\POC\\POC_Node\\Demo\\node_modules\\mysql\\lib\\protocol\\Protocol.js:144:48)\n    at Protocol.handshake (C:\\Users\\soniya_durgude\\Desktop\\POC\\POC_Node\\Demo\\node_modules\\mysql\\lib\\protocol\\Protocol.js:51:23)\n    at PoolConnection.connect (C:\\Users\\soniya_durgude\\Desktop\\POC\\POC_Node\\Demo\\node_modules\\mysql\\lib\\Connection.js:116:18)\n    at Pool.getConnection (C:\\Users\\soniya_durgude\\Desktop\\POC\\POC_Node\\Demo\\node_modules\\mysql\\lib\\Pool.js:48:16)\n    at Pool.query (C:\\Users\\soniya_durgude\\Desktop\\POC\\POC_Node\\Demo\\node_modules\\mysql\\lib\\Pool.js:202:8)\n    at C:\\Users\\soniya_durgude\\Desktop\\POC\\POC_Node\\Demo\\api\\service.js:28:18\n    at new Promise (<anonymous>)\n    at getEmp (C:\\Users\\soniya_durgude\\Desktop\\POC\\POC_Node\\Demo\\api\\service.js:27:16)\n    at getEmployee (C:\\Users\\soniya_durgude\\Desktop\\POC\\POC_Node\\Demo\\api\\controller.js:40:16)\n    at C:\\Users\\soniya_durgude\\Desktop\\POC\\POC_Node\\Demo\\api\\router.js:23:6\n    at Layer.handle [as handle_request] (C:\\Users\\soniya_durgude\\Desktop\\POC\\POC_Node\\Demo\\node_modules\\express\\lib\\router\\layer.js:95:5)\n    at next (C:\\Users\\soniya_durgude\\Desktop\\POC\\POC_Node\\Demo\\node_modules\\express\\lib\\router\\route.js:137:13)\n    at complete (C:\\Users\\soniya_durgude\\Desktop\\POC\\POC_Node\\Demo\\node_modules\\passport\\lib\\middleware\\authenticate.js:268:13)\n    at C:\\Users\\soniya_durgude\\Desktop\\POC\\POC_Node\\Demo\\node_modules\\passport\\lib\\middleware\\authenticate.js:275:15\n    at pass (C:\\Users\\soniya_durgude\\Desktop\\POC\\POC_Node\\Demo\\node_modules\\passport\\lib\\authenticator.js:431:14)\n    at Authenticator.transformAuthInfo (C:\\Users\\soniya_durgude\\Desktop\\POC\\POC_Node\\Demo\\node_modules\\passport\\lib\\authenticator.js:453:5)"}
{"message":"Employee list displayed!!","level":"info"}
{"message":"Employee list displayed!!","level":"info"}
{"message":"Employee list displayed!!","level":"info"}
{"message":"Employee list displayed!!","level":"info"}
{"message":"Employee list displayed!!","level":"info"}
{"message":"Employee list displayed!!","level":"info"}
{"message":"Employee list displayed!!","level":"info"}
{"message":"Employee list displayed!!","level":"info"}
{"message":"Employee list displayed!!","level":"info"}
{"message":"Employee list displayed!!","level":"info"}
{"message":"Employee list displayed!!","level":"info"}
{"message":"Employee list displayed!!","level":"info"}
{"message":"Employee updated!!","level":"info"}
{"level":"error","message":"Employee doesn't exists cannot update or delete!!","stack":"Error: Employee doesn't exists cannot update or delete!!\n    at C:\\Users\\soniya_durgude\\Desktop\\POC\\POC_Node\\Demo\\api\\service.js:94:24\n    at new Promise (<anonymous>)\n    at checkEmpExist (C:\\Users\\soniya_durgude\\Desktop\\POC\\POC_Node\\Demo\\api\\service.js:92:16)\n    at C:\\Users\\soniya_durgude\\Desktop\\POC\\POC_Node\\Demo\\api\\controller.js:101:24\n    at processTicksAndRejections (internal/process/task_queues.js:93:5)"}
{"message":"Employee deleted!!","level":"info"}
{"message":"Employee list displayed!!","level":"info"}
{"level":"error","message":"Employee doesn't exists cannot update or delete!!","stack":"Error: Employee doesn't exists cannot update or delete!!\n    at C:\\Users\\soniya_durgude\\Desktop\\POC\\POC_Node\\Demo\\api\\service.js:94:24\n    at new Promise (<anonymous>)\n    at checkEmpExist (C:\\Users\\soniya_durgude\\Desktop\\POC\\POC_Node\\Demo\\api\\service.js:92:16)\n    at C:\\Users\\soniya_durgude\\Desktop\\POC\\POC_Node\\Demo\\api\\controller.js:139:24\n    at runMicrotasks (<anonymous>)\n    at processTicksAndRejections (internal/process/task_queues.js:93:5)"}
{"code":"ER_ACCESS_DENIED_ERROR","errno":1045,"sqlMessage":"Access denied for user 'root1'@'localhost' (using password: YES)","sqlState":"28000","fatal":true,"level":"error","message":"ER_ACCESS_DENIED_ERROR: Access denied for user 'root1'@'localhost' (using password: YES)","stack":"Error: ER_ACCESS_DENIED_ERROR: Access denied for user 'root1'@'localhost' (using password: YES)\n    at Handshake.Sequence._packetToError (C:\\Users\\soniya_durgude\\Desktop\\POC\\POC_Node\\Demo\\node_modules\\mysql\\lib\\protocol\\sequences\\Sequence.js:47:14)\n    at Handshake.ErrorPacket (C:\\Users\\soniya_durgude\\Desktop\\POC\\POC_Node\\Demo\\node_modules\\mysql\\lib\\protocol\\sequences\\Handshake.js:123:18)\n    at Protocol._parsePacket (C:\\Users\\soniya_durgude\\Desktop\\POC\\POC_Node\\Demo\\node_modules\\mysql\\lib\\protocol\\Protocol.js:291:23)\n    at Parser._parsePacket (C:\\Users\\soniya_durgude\\Desktop\\POC\\POC_Node\\Demo\\node_modules\\mysql\\lib\\protocol\\Parser.js:433:10)\n    at Parser.write (C:\\Users\\soniya_durgude\\Desktop\\POC\\POC_Node\\Demo\\node_modules\\mysql\\lib\\protocol\\Parser.js:43:10)\n    at Protocol.write (C:\\Users\\soniya_durgude\\Desktop\\POC\\POC_Node\\Demo\\node_modules\\mysql\\lib\\protocol\\Protocol.js:38:16)\n    at Socket.<anonymous> (C:\\Users\\soniya_durgude\\Desktop\\POC\\POC_Node\\Demo\\node_modules\\mysql\\lib\\Connection.js:88:28)\n    at Socket.<anonymous> (C:\\Users\\soniya_durgude\\Desktop\\POC\\POC_Node\\Demo\\node_modules\\mysql\\lib\\Connection.js:526:10)\n    at Socket.emit (events.js:210:5)\n    at addChunk (_stream_readable.js:309:12)\n    at readableAddChunk (_stream_readable.js:290:11)\n    at Socket.Readable.push (_stream_readable.js:224:10)\n    at TCP.onStreamRead (internal/stream_base_commons.js:182:23)\n    --------------------\n    at Protocol._enqueue (C:\\Users\\soniya_durgude\\Desktop\\POC\\POC_Node\\Demo\\node_modules\\mysql\\lib\\protocol\\Protocol.js:144:48)\n    at Protocol.handshake (C:\\Users\\soniya_durgude\\Desktop\\POC\\POC_Node\\Demo\\node_modules\\mysql\\lib\\protocol\\Protocol.js:51:23)\n    at PoolConnection.connect (C:\\Users\\soniya_durgude\\Desktop\\POC\\POC_Node\\Demo\\node_modules\\mysql\\lib\\Connection.js:116:18)\n    at Pool.getConnection (C:\\Users\\soniya_durgude\\Desktop\\POC\\POC_Node\\Demo\\node_modules\\mysql\\lib\\Pool.js:48:16)\n    at Pool.query (C:\\Users\\soniya_durgude\\Desktop\\POC\\POC_Node\\Demo\\node_modules\\mysql\\lib\\Pool.js:202:8)\n    at C:\\Users\\soniya_durgude\\Desktop\\POC\\POC_Node\\Demo\\api\\service.js:104:18\n    at new Promise (<anonymous>)\n    at deleteEmpById (C:\\Users\\soniya_durgude\\Desktop\\POC\\POC_Node\\Demo\\api\\service.js:103:15)\n    at deleteEmployeeById (C:\\Users\\soniya_durgude\\Desktop\\POC\\POC_Node\\Demo\\api\\controller.js:137:16)\n    at C:\\Users\\soniya_durgude\\Desktop\\POC\\POC_Node\\Demo\\api\\router.js:41:5\n    at Layer.handle [as handle_request] (C:\\Users\\soniya_durgude\\Desktop\\POC\\POC_Node\\Demo\\node_modules\\express\\lib\\router\\layer.js:95:5)\n    at next (C:\\Users\\soniya_durgude\\Desktop\\POC\\POC_Node\\Demo\\node_modules\\express\\lib\\router\\route.js:137:13)\n    at complete (C:\\Users\\soniya_durgude\\Desktop\\POC\\POC_Node\\Demo\\node_modules\\passport\\lib\\middleware\\authenticate.js:268:13)\n    at C:\\Users\\soniya_durgude\\Desktop\\POC\\POC_Node\\Demo\\node_modules\\passport\\lib\\middleware\\authenticate.js:275:15\n    at pass (C:\\Users\\soniya_durgude\\Desktop\\POC\\POC_Node\\Demo\\node_modules\\passport\\lib\\authenticator.js:431:14)\n    at Authenticator.transformAuthInfo (C:\\Users\\soniya_durgude\\Desktop\\POC\\POC_Node\\Demo\\node_modules\\passport\\lib\\authenticator.js:453:5)"}
{"message":"Employee found and displayed!!","level":"info"}
{"level":"error","message":"Employee doesn't exist!!","stack":"Error: Employee doesn't exist!!\n    at C:\\Users\\soniya_durgude\\Desktop\\POC\\POC_Node\\Demo\\api\\service.js:65:24\n    at new Promise (<anonymous>)\n    at checkResultLength (C:\\Users\\soniya_durgude\\Desktop\\POC\\POC_Node\\Demo\\api\\service.js:60:16)\n    at C:\\Users\\soniya_durgude\\Desktop\\POC\\POC_Node\\Demo\\api\\controller.js:65:24\n    at processTicksAndRejections (internal/process/task_queues.js:93:5)"}
{"message":"Employee list displayed!!","level":"info"}
{"message":"Employee list displayed!!","level":"info"}
{"level":"error","message":"Employee doesn't exists cannot update or delete!!","stack":"Error: Employee doesn't exists cannot update or delete!!\n    at C:\\Users\\soniya_durgude\\Desktop\\POC\\POC_Node\\Demo\\api\\service.js:94:24\n    at new Promise (<anonymous>)\n    at checkEmpExist (C:\\Users\\soniya_durgude\\Desktop\\POC\\POC_Node\\Demo\\api\\service.js:92:16)\n    at C:\\Users\\soniya_durgude\\Desktop\\POC\\POC_Node\\Demo\\api\\controller.js:101:24\n    at processTicksAndRejections (internal/process/task_queues.js:93:5)"}
{"level":"error","message":"Employee doesn't exists cannot update or delete!!","stack":"Error: Employee doesn't exists cannot update or delete!!\n    at C:\\Users\\soniya_durgude\\Desktop\\POC\\POC_Node\\Demo\\api\\service.js:94:24\n    at new Promise (<anonymous>)\n    at checkEmpExist (C:\\Users\\soniya_durgude\\Desktop\\POC\\POC_Node\\Demo\\api\\service.js:92:16)\n    at C:\\Users\\soniya_durgude\\Desktop\\POC\\POC_Node\\Demo\\api\\controller.js:139:24\n    at processTicksAndRejections (internal/process/task_queues.js:93:5)"}
{"message":"Employee list displayed!!","level":"info"}
{"message":"Employee list displayed!!","level":"info"}
{"message":"Employee found and displayed!!","level":"info"}
{"message":"Employee list displayed!!","level":"info"}
{"level":"error","message":"Employee doesn't exist!!","stack":"Error: Employee doesn't exist!!\n    at C:\\Users\\soniya_durgude\\Desktop\\POC\\POC_Node\\Demo\\api\\service.js:65:24\n    at new Promise (<anonymous>)\n    at checkResultLength (C:\\Users\\soniya_durgude\\Desktop\\POC\\POC_Node\\Demo\\api\\service.js:60:16)\n    at C:\\Users\\soniya_durgude\\Desktop\\POC\\POC_Node\\Demo\\api\\controller.js:65:24\n    at processTicksAndRejections (internal/process/task_queues.js:93:5)"}
{"message":"Employee list displayed!!","level":"info"}
{"message":"Employee list displayed!!","level":"info"}
{"level":"error","message":"Employee doesn't exist!!","stack":"Error: Employee doesn't exist!!\n    at C:\\Users\\soniya_durgude\\Desktop\\POC\\POC_Node\\Demo\\api\\service.js:65:24\n    at new Promise (<anonymous>)\n    at checkResultLength (C:\\Users\\soniya_durgude\\Desktop\\POC\\POC_Node\\Demo\\api\\service.js:60:16)\n    at C:\\Users\\soniya_durgude\\Desktop\\POC\\POC_Node\\Demo\\api\\controller.js:65:24\n    at processTicksAndRejections (internal/process/task_queues.js:93:5)"}
{"message":"Employee list displayed!!","level":"info"}
{"message":"Employee found and displayed!!","level":"info"}
{"message":"Employee list displayed!!","level":"info"}
{"message":"Employee list displayed!!","level":"info"}
{"message":"Employee list displayed!!","level":"info"}
{"message":"Employee list displayed!!","level":"info"}
{"message":"Employee list displayed!!","level":"info"}
{"message":"Employee list displayed!!","level":"info"}
{"message":"New Employee added!!","level":"info"}
{"message":"Employee list displayed!!","level":"info"}
{"message":"Employee list displayed!!","level":"info"}
{"message":"Employee list displayed!!","level":"info"}
{"message":"Employee list displayed!!","level":"info"}
{"message":"Employee list displayed!!","level":"info"}
{"message":"Employee list displayed!!","level":"info"}
{"message":"Employee list displayed!!","level":"info"}
{"message":"Employee list displayed!!","level":"info"}
{"message":"Employee list displayed!!","level":"info"}
{"message":"Employee list displayed!!","level":"info"}
{"message":"Employee list displayed!!","level":"info"}
{"message":"Employee list displayed!!","level":"info"}
{"message":"Employee list displayed!!","level":"info"}
{"message":"Employee list displayed!!","level":"info"}
{"message":"Employee list displayed!!","level":"info"}
{"message":"Employee list displayed!!","level":"info"}
{"message":"Employee list displayed!!","level":"info"}
{"message":"Employee list displayed!!","level":"info"}
{"message":"Employee list displayed!!","level":"info"}
{"message":"Employee list displayed!!","level":"info"}
{"message":"Employee list displayed!!","level":"info"}
{"message":"Employee list displayed!!","level":"info"}
{"message":"Employee list displayed!!","level":"info"}
{"message":"Employee list displayed!!","level":"info"}
{"message":"Employee list displayed!!","level":"info"}
{"message":"Employee list displayed!!","level":"info"}
{"message":"Employee list displayed!!","level":"info"}
{"message":"Employee list displayed!!","level":"info"}
{"message":"Employee list displayed!!","level":"info"}
{"message":"Employee list displayed!!","level":"info"}
{"message":"Employee list displayed!!","level":"info"}
{"message":"Employee list displayed!!","level":"info"}
{"message":"Employee list displayed!!","level":"info"}
{"message":"Employee list displayed!!","level":"info"}
{"message":"Employee list displayed!!","level":"info"}
{"message":"Employee list displayed!!","level":"info"}
{"message":"Employee list displayed!!","level":"info"}
{"message":"Employee list displayed!!","level":"info"}
{"message":"Employee list displayed!!","level":"info"}
{"message":"Employee list displayed!!","level":"info"}
